{"C:\\Users\\felip\\dev\\pos\\fiap-tech-challenge-MSPedido\\src\\application\\PedidoService.js": {"path":"C:\\Users\\felip\\dev\\pos\\fiap-tech-challenge-MSPedido\\src\\application\\PedidoService.js","statementMap":{"0":{"start":{"line":1,"column":15},"end":{"line":1,"column":42}},"1":{"start":{"line":5,"column":4},"end":{"line":5,"column":39}},"2":{"start":{"line":9,"column":19},"end":{"line":9,"column":55}},"3":{"start":{"line":10,"column":4},"end":{"line":10,"column":57}},"4":{"start":{"line":14,"column":4},"end":{"line":14,"column":52}},"5":{"start":{"line":18,"column":4},"end":{"line":18,"column":59}},"6":{"start":{"line":22,"column":0},"end":{"line":22,"column":31}}},"fnMap":{"0":{"name":"(anonymous_0)","decl":{"start":{"line":4,"column":2},"end":{"line":4,"column":3}},"loc":{"start":{"line":4,"column":29},"end":{"line":6,"column":3}},"line":4},"1":{"name":"(anonymous_1)","decl":{"start":{"line":8,"column":2},"end":{"line":8,"column":3}},"loc":{"start":{"line":8,"column":26},"end":{"line":11,"column":3}},"line":8},"2":{"name":"(anonymous_2)","decl":{"start":{"line":13,"column":2},"end":{"line":13,"column":3}},"loc":{"start":{"line":13,"column":24},"end":{"line":15,"column":3}},"line":13},"3":{"name":"(anonymous_3)","decl":{"start":{"line":17,"column":2},"end":{"line":17,"column":3}},"loc":{"start":{"line":17,"column":31},"end":{"line":19,"column":3}},"line":17}},"branchMap":{},"s":{"0":1,"1":0,"2":0,"3":0,"4":0,"5":0,"6":1},"f":{"0":0,"1":0,"2":0,"3":0},"b":{},"_coverageSchema":"1a1c01bbd47fc00a2c39e90264f33305004495a9","hash":"65d1a76515f44cf9fb901cf4c765301c28498429"}
,"C:\\Users\\felip\\dev\\pos\\fiap-tech-challenge-MSPedido\\src\\domain\\Pedido.js": {"path":"C:\\Users\\felip\\dev\\pos\\fiap-tech-challenge-MSPedido\\src\\domain\\Pedido.js","statementMap":{"0":{"start":{"line":3,"column":4},"end":{"line":3,"column":27}},"1":{"start":{"line":4,"column":4},"end":{"line":4,"column":23}},"2":{"start":{"line":5,"column":4},"end":{"line":5,"column":25}},"3":{"start":{"line":6,"column":4},"end":{"line":6,"column":29}},"4":{"start":{"line":10,"column":0},"end":{"line":10,"column":24}}},"fnMap":{"0":{"name":"(anonymous_0)","decl":{"start":{"line":2,"column":2},"end":{"line":2,"column":3}},"loc":{"start":{"line":2,"column":86},"end":{"line":7,"column":3}},"line":2}},"branchMap":{"0":{"loc":{"start":{"line":2,"column":30},"end":{"line":2,"column":61}},"type":"default-arg","locations":[{"start":{"line":2,"column":39},"end":{"line":2,"column":61}}],"line":2},"1":{"loc":{"start":{"line":2,"column":63},"end":{"line":2,"column":84}},"type":"default-arg","locations":[{"start":{"line":2,"column":74},"end":{"line":2,"column":84}}],"line":2}},"s":{"0":0,"1":0,"2":0,"3":0,"4":1},"f":{"0":0},"b":{"0":[0],"1":[0]},"_coverageSchema":"1a1c01bbd47fc00a2c39e90264f33305004495a9","hash":"a3e240ec12f78be3993b6db05a2ec388267c79e3"}
,"C:\\Users\\felip\\dev\\pos\\fiap-tech-challenge-MSPedido\\src\\infrastructure\\http\\PedidoController.js": {"path":"C:\\Users\\felip\\dev\\pos\\fiap-tech-challenge-MSPedido\\src\\infrastructure\\http\\PedidoController.js","statementMap":{"0":{"start":{"line":1,"column":16},"end":{"line":1,"column":34}},"1":{"start":{"line":4,"column":17},"end":{"line":4,"column":33}},"2":{"start":{"line":6,"column":2},"end":{"line":14,"column":5}},"3":{"start":{"line":7,"column":4},"end":{"line":13,"column":5}},"4":{"start":{"line":8,"column":21},"end":{"line":8,"column":62}},"5":{"start":{"line":9,"column":6},"end":{"line":9,"column":35}},"6":{"start":{"line":11,"column":6},"end":{"line":11,"column":52}},"7":{"start":{"line":12,"column":6},"end":{"line":12,"column":63}},"8":{"start":{"line":16,"column":2},"end":{"line":24,"column":5}},"9":{"start":{"line":17,"column":4},"end":{"line":23,"column":5}},"10":{"start":{"line":18,"column":22},"end":{"line":18,"column":57}},"11":{"start":{"line":19,"column":6},"end":{"line":19,"column":24}},"12":{"start":{"line":21,"column":6},"end":{"line":21,"column":54}},"13":{"start":{"line":22,"column":6},"end":{"line":22,"column":65}},"14":{"start":{"line":26,"column":2},"end":{"line":35,"column":5}},"15":{"start":{"line":27,"column":4},"end":{"line":34,"column":5}},"16":{"start":{"line":28,"column":21},"end":{"line":28,"column":73}},"17":{"start":{"line":29,"column":6},"end":{"line":29,"column":84}},"18":{"start":{"line":29,"column":19},"end":{"line":29,"column":84}},"19":{"start":{"line":30,"column":6},"end":{"line":30,"column":23}},"20":{"start":{"line":32,"column":6},"end":{"line":32,"column":53}},"21":{"start":{"line":33,"column":6},"end":{"line":33,"column":64}},"22":{"start":{"line":37,"column":2},"end":{"line":37,"column":16}},"23":{"start":{"line":40,"column":0},"end":{"line":40,"column":34}}},"fnMap":{"0":{"name":"PedidoController","decl":{"start":{"line":3,"column":9},"end":{"line":3,"column":25}},"loc":{"start":{"line":3,"column":41},"end":{"line":38,"column":1}},"line":3},"1":{"name":"(anonymous_1)","decl":{"start":{"line":6,"column":19},"end":{"line":6,"column":20}},"loc":{"start":{"line":6,"column":39},"end":{"line":14,"column":3}},"line":6},"2":{"name":"(anonymous_2)","decl":{"start":{"line":16,"column":18},"end":{"line":16,"column":19}},"loc":{"start":{"line":16,"column":38},"end":{"line":24,"column":3}},"line":16},"3":{"name":"(anonymous_3)","decl":{"start":{"line":26,"column":21},"end":{"line":26,"column":22}},"loc":{"start":{"line":26,"column":41},"end":{"line":35,"column":3}},"line":26}},"branchMap":{"0":{"loc":{"start":{"line":29,"column":6},"end":{"line":29,"column":84}},"type":"if","locations":[{"start":{"line":29,"column":6},"end":{"line":29,"column":84}},{"start":{},"end":{}}],"line":29}},"s":{"0":1,"1":1,"2":1,"3":1,"4":1,"5":1,"6":0,"7":0,"8":1,"9":2,"10":2,"11":1,"12":1,"13":1,"14":1,"15":3,"16":3,"17":2,"18":2,"19":0,"20":1,"21":1,"22":1,"23":1},"f":{"0":1,"1":1,"2":2,"3":3},"b":{"0":[2,0]},"_coverageSchema":"1a1c01bbd47fc00a2c39e90264f33305004495a9","hash":"4c2f3e37e4f3f3a7becf415ee6939965070ff4c6"}
}
