{"C:\\Users\\felip\\dev\\pos\\microservices\\fiap-tech-challenge-MSPedido\\src\\adapter\\driven\\CustomerAPIAdapter.js": {"path":"C:\\Users\\felip\\dev\\pos\\microservices\\fiap-tech-challenge-MSPedido\\src\\adapter\\driven\\CustomerAPIAdapter.js","statementMap":{"0":{"start":{"line":1,"column":14},"end":{"line":1,"column":30}},"1":{"start":{"line":2,"column":24},"end":{"line":2,"column":51}},"2":{"start":{"line":6,"column":4},"end":{"line":14,"column":5}},"3":{"start":{"line":7,"column":23},"end":{"line":7,"column":63}},"4":{"start":{"line":9,"column":6},"end":{"line":9,"column":27}},"5":{"start":{"line":11,"column":6},"end":{"line":11,"column":70}},"6":{"start":{"line":12,"column":6},"end":{"line":12,"column":43}},"7":{"start":{"line":13,"column":6},"end":{"line":13,"column":56}},"8":{"start":{"line":18,"column":0},"end":{"line":18,"column":36}}},"fnMap":{"0":{"name":"(anonymous_0)","decl":{"start":{"line":5,"column":2},"end":{"line":5,"column":3}},"loc":{"start":{"line":5,"column":33},"end":{"line":15,"column":3}},"line":5}},"branchMap":{},"s":{"0":2,"1":2,"2":1,"3":1,"4":1,"5":0,"6":0,"7":0,"8":2},"f":{"0":1},"b":{},"_coverageSchema":"1a1c01bbd47fc00a2c39e90264f33305004495a9","hash":"de2c05d237c261f0a648729b832346fd065e3f71"}
,"C:\\Users\\felip\\dev\\pos\\microservices\\fiap-tech-challenge-MSPedido\\src\\adapter\\driven\\MongoPedidoRepository.js": {"path":"C:\\Users\\felip\\dev\\pos\\microservices\\fiap-tech-challenge-MSPedido\\src\\adapter\\driven\\MongoPedidoRepository.js","statementMap":{"0":{"start":{"line":1,"column":29},"end":{"line":1,"column":89}},"1":{"start":{"line":2,"column":21},"end":{"line":2,"column":39}},"2":{"start":{"line":6,"column":4},"end":{"line":6,"column":12}},"3":{"start":{"line":7,"column":4},"end":{"line":7,"column":71}},"4":{"start":{"line":7,"column":19},"end":{"line":7,"column":71}},"5":{"start":{"line":8,"column":4},"end":{"line":8,"column":29}},"6":{"start":{"line":12,"column":4},"end":{"line":21,"column":5}},"7":{"start":{"line":13,"column":6},"end":{"line":13,"column":53}},"8":{"start":{"line":14,"column":6},"end":{"line":14,"column":66}},"9":{"start":{"line":16,"column":6},"end":{"line":16,"column":62}},"10":{"start":{"line":18,"column":6},"end":{"line":18,"column":27}},"11":{"start":{"line":20,"column":6},"end":{"line":20,"column":54}},"12":{"start":{"line":25,"column":4},"end":{"line":31,"column":5}},"13":{"start":{"line":26,"column":22},"end":{"line":26,"column":80}},"14":{"start":{"line":28,"column":6},"end":{"line":28,"column":21}},"15":{"start":{"line":30,"column":6},"end":{"line":30,"column":56}},"16":{"start":{"line":35,"column":4},"end":{"line":43,"column":5}},"17":{"start":{"line":36,"column":21},"end":{"line":36,"column":84}},"18":{"start":{"line":38,"column":6},"end":{"line":38,"column":66}},"19":{"start":{"line":40,"column":6},"end":{"line":40,"column":20}},"20":{"start":{"line":42,"column":6},"end":{"line":42,"column":70}},"21":{"start":{"line":47,"column":4},"end":{"line":56,"column":5}},"22":{"start":{"line":48,"column":21},"end":{"line":48,"column":86}},"23":{"start":{"line":49,"column":6},"end":{"line":49,"column":78}},"24":{"start":{"line":49,"column":37},"end":{"line":49,"column":78}},"25":{"start":{"line":51,"column":6},"end":{"line":51,"column":61}},"26":{"start":{"line":53,"column":6},"end":{"line":53,"column":20}},"27":{"start":{"line":55,"column":6},"end":{"line":55,"column":63}},"28":{"start":{"line":60,"column":4},"end":{"line":68,"column":5}},"29":{"start":{"line":61,"column":21},"end":{"line":61,"column":77}},"30":{"start":{"line":63,"column":6},"end":{"line":63,"column":55}},"31":{"start":{"line":65,"column":6},"end":{"line":65,"column":86}},"32":{"start":{"line":67,"column":6},"end":{"line":67,"column":54}},"33":{"start":{"line":72,"column":4},"end":{"line":81,"column":5}},"34":{"start":{"line":73,"column":21},"end":{"line":73,"column":120}},"35":{"start":{"line":74,"column":6},"end":{"line":74,"column":78}},"36":{"start":{"line":74,"column":37},"end":{"line":74,"column":78}},"37":{"start":{"line":76,"column":6},"end":{"line":76,"column":83}},"38":{"start":{"line":78,"column":6},"end":{"line":78,"column":20}},"39":{"start":{"line":80,"column":6},"end":{"line":80,"column":58}},"40":{"start":{"line":85,"column":0},"end":{"line":85,"column":39}}},"fnMap":{"0":{"name":"(anonymous_0)","decl":{"start":{"line":5,"column":2},"end":{"line":5,"column":3}},"loc":{"start":{"line":5,"column":24},"end":{"line":9,"column":3}},"line":5},"1":{"name":"(anonymous_1)","decl":{"start":{"line":11,"column":2},"end":{"line":11,"column":3}},"loc":{"start":{"line":11,"column":28},"end":{"line":22,"column":3}},"line":11},"2":{"name":"(anonymous_2)","decl":{"start":{"line":24,"column":2},"end":{"line":24,"column":3}},"loc":{"start":{"line":24,"column":24},"end":{"line":32,"column":3}},"line":24},"3":{"name":"(anonymous_3)","decl":{"start":{"line":34,"column":2},"end":{"line":34,"column":3}},"loc":{"start":{"line":34,"column":36},"end":{"line":44,"column":3}},"line":34},"4":{"name":"(anonymous_4)","decl":{"start":{"line":46,"column":2},"end":{"line":46,"column":3}},"loc":{"start":{"line":46,"column":37},"end":{"line":57,"column":3}},"line":46},"5":{"name":"(anonymous_5)","decl":{"start":{"line":59,"column":2},"end":{"line":59,"column":3}},"loc":{"start":{"line":59,"column":29},"end":{"line":69,"column":3}},"line":59},"6":{"name":"(anonymous_6)","decl":{"start":{"line":71,"column":2},"end":{"line":71,"column":3}},"loc":{"start":{"line":71,"column":46},"end":{"line":82,"column":3}},"line":71}},"branchMap":{"0":{"loc":{"start":{"line":7,"column":4},"end":{"line":7,"column":71}},"type":"if","locations":[{"start":{"line":7,"column":4},"end":{"line":7,"column":71}},{"start":{},"end":{}}],"line":7},"1":{"loc":{"start":{"line":49,"column":6},"end":{"line":49,"column":78}},"type":"if","locations":[{"start":{"line":49,"column":6},"end":{"line":49,"column":78}},{"start":{},"end":{}}],"line":49},"2":{"loc":{"start":{"line":74,"column":6},"end":{"line":74,"column":78}},"type":"if","locations":[{"start":{"line":74,"column":6},"end":{"line":74,"column":78}},{"start":{},"end":{}}],"line":74}},"s":{"0":2,"1":2,"2":6,"3":6,"4":0,"5":6,"6":1,"7":1,"8":1,"9":1,"10":1,"11":0,"12":1,"13":1,"14":1,"15":0,"16":1,"17":1,"18":1,"19":1,"20":0,"21":1,"22":1,"23":1,"24":0,"25":1,"26":1,"27":0,"28":1,"29":1,"30":1,"31":1,"32":0,"33":1,"34":1,"35":1,"36":0,"37":1,"38":1,"39":0,"40":2},"f":{"0":6,"1":1,"2":1,"3":1,"4":1,"5":1,"6":1},"b":{"0":[0,6],"1":[0,1],"2":[0,1]},"_coverageSchema":"1a1c01bbd47fc00a2c39e90264f33305004495a9","hash":"6db3f261baf92d850f2557f6f1053fa6206984df"}
,"C:\\Users\\felip\\dev\\pos\\microservices\\fiap-tech-challenge-MSPedido\\src\\adapter\\driven\\ProdutoAPIAdapter.js": {"path":"C:\\Users\\felip\\dev\\pos\\microservices\\fiap-tech-challenge-MSPedido\\src\\adapter\\driven\\ProdutoAPIAdapter.js","statementMap":{"0":{"start":{"line":1,"column":14},"end":{"line":1,"column":30}},"1":{"start":{"line":2,"column":23},"end":{"line":2,"column":50}},"2":{"start":{"line":6,"column":4},"end":{"line":13,"column":5}},"3":{"start":{"line":7,"column":23},"end":{"line":7,"column":61}},"4":{"start":{"line":9,"column":6},"end":{"line":9,"column":27}},"5":{"start":{"line":11,"column":6},"end":{"line":11,"column":64}},"6":{"start":{"line":12,"column":6},"end":{"line":12,"column":58}},"7":{"start":{"line":17,"column":4},"end":{"line":24,"column":5}},"8":{"start":{"line":18,"column":23},"end":{"line":18,"column":78}},"9":{"start":{"line":20,"column":6},"end":{"line":20,"column":27}},"10":{"start":{"line":22,"column":6},"end":{"line":22,"column":72}},"11":{"start":{"line":23,"column":6},"end":{"line":23,"column":66}},"12":{"start":{"line":28,"column":0},"end":{"line":28,"column":35}}},"fnMap":{"0":{"name":"(anonymous_0)","decl":{"start":{"line":5,"column":2},"end":{"line":5,"column":3}},"loc":{"start":{"line":5,"column":27},"end":{"line":14,"column":3}},"line":5},"1":{"name":"(anonymous_1)","decl":{"start":{"line":16,"column":2},"end":{"line":16,"column":3}},"loc":{"start":{"line":16,"column":41},"end":{"line":25,"column":3}},"line":16}},"branchMap":{},"s":{"0":2,"1":2,"2":1,"3":1,"4":1,"5":0,"6":0,"7":1,"8":1,"9":1,"10":0,"11":0,"12":2},"f":{"0":1,"1":1},"b":{},"_coverageSchema":"1a1c01bbd47fc00a2c39e90264f33305004495a9","hash":"fc3fdf8e4448c689b3aa00536e0159f882846b71"}
,"C:\\Users\\felip\\dev\\pos\\microservices\\fiap-tech-challenge-MSPedido\\src\\adapter\\driven\\database.js": {"path":"C:\\Users\\felip\\dev\\pos\\microservices\\fiap-tech-challenge-MSPedido\\src\\adapter\\driven\\database.js","statementMap":{"0":{"start":{"line":1,"column":24},"end":{"line":1,"column":42}},"1":{"start":{"line":2,"column":21},"end":{"line":2,"column":48}},"2":{"start":{"line":5,"column":2},"end":{"line":12,"column":3}},"3":{"start":{"line":6,"column":19},"end":{"line":6,"column":54}},"4":{"start":{"line":8,"column":4},"end":{"line":8,"column":23}},"5":{"start":{"line":10,"column":4},"end":{"line":10,"column":49}},"6":{"start":{"line":11,"column":4},"end":{"line":11,"column":14}},"7":{"start":{"line":15,"column":0},"end":{"line":15,"column":36}}},"fnMap":{"0":{"name":"connectToMongo","decl":{"start":{"line":4,"column":15},"end":{"line":4,"column":29}},"loc":{"start":{"line":4,"column":32},"end":{"line":13,"column":1}},"line":4}},"branchMap":{},"s":{"0":1,"1":1,"2":2,"3":2,"4":1,"5":1,"6":1,"7":1},"f":{"0":2},"b":{},"_coverageSchema":"1a1c01bbd47fc00a2c39e90264f33305004495a9","hash":"025780f2f99286aee62baf1eb044ac44961758b4"}
,"C:\\Users\\felip\\dev\\pos\\microservices\\fiap-tech-challenge-MSPedido\\src\\adapter\\driver\\PedidoController.js": {"path":"C:\\Users\\felip\\dev\\pos\\microservices\\fiap-tech-challenge-MSPedido\\src\\adapter\\driver\\PedidoController.js","statementMap":{"0":{"start":{"line":3,"column":4},"end":{"line":3,"column":39}},"1":{"start":{"line":7,"column":4},"end":{"line":7,"column":44}},"2":{"start":{"line":11,"column":4},"end":{"line":18,"column":5}},"3":{"start":{"line":12,"column":25},"end":{"line":12,"column":33}},"4":{"start":{"line":13,"column":27},"end":{"line":13,"column":75}},"5":{"start":{"line":15,"column":6},"end":{"line":15,"column":41}},"6":{"start":{"line":17,"column":6},"end":{"line":17,"column":51}},"7":{"start":{"line":22,"column":4},"end":{"line":28,"column":5}},"8":{"start":{"line":23,"column":22},"end":{"line":23,"column":62}},"9":{"start":{"line":25,"column":6},"end":{"line":25,"column":36}},"10":{"start":{"line":27,"column":6},"end":{"line":27,"column":51}},"11":{"start":{"line":32,"column":4},"end":{"line":41,"column":5}},"12":{"start":{"line":33,"column":21},"end":{"line":33,"column":31}},"13":{"start":{"line":34,"column":21},"end":{"line":34,"column":67}},"14":{"start":{"line":36,"column":6},"end":{"line":36,"column":83}},"15":{"start":{"line":36,"column":19},"end":{"line":36,"column":83}},"16":{"start":{"line":38,"column":6},"end":{"line":38,"column":35}},"17":{"start":{"line":40,"column":6},"end":{"line":40,"column":51}},"18":{"start":{"line":45,"column":4},"end":{"line":54,"column":5}},"19":{"start":{"line":46,"column":21},"end":{"line":46,"column":31}},"20":{"start":{"line":47,"column":21},"end":{"line":47,"column":68}},"21":{"start":{"line":49,"column":6},"end":{"line":49,"column":101}},"22":{"start":{"line":49,"column":37},"end":{"line":49,"column":101}},"23":{"start":{"line":51,"column":6},"end":{"line":51,"column":99}},"24":{"start":{"line":53,"column":6},"end":{"line":53,"column":51}},"25":{"start":{"line":58,"column":4},"end":{"line":64,"column":5}},"26":{"start":{"line":59,"column":21},"end":{"line":59,"column":66}},"27":{"start":{"line":61,"column":6},"end":{"line":61,"column":99}},"28":{"start":{"line":63,"column":6},"end":{"line":63,"column":51}},"29":{"start":{"line":68,"column":4},"end":{"line":82,"column":5}},"30":{"start":{"line":69,"column":21},"end":{"line":69,"column":31}},"31":{"start":{"line":70,"column":25},"end":{"line":70,"column":33}},"32":{"start":{"line":72,"column":6},"end":{"line":73,"column":68}},"33":{"start":{"line":73,"column":8},"end":{"line":73,"column":68}},"34":{"start":{"line":75,"column":21},"end":{"line":75,"column":79}},"35":{"start":{"line":77,"column":6},"end":{"line":77,"column":104}},"36":{"start":{"line":77,"column":38},"end":{"line":77,"column":104}},"37":{"start":{"line":79,"column":6},"end":{"line":79,"column":110}},"38":{"start":{"line":81,"column":6},"end":{"line":81,"column":51}},"39":{"start":{"line":86,"column":0},"end":{"line":86,"column":34}}},"fnMap":{"0":{"name":"(anonymous_0)","decl":{"start":{"line":2,"column":2},"end":{"line":2,"column":3}},"loc":{"start":{"line":2,"column":29},"end":{"line":4,"column":3}},"line":2},"1":{"name":"(anonymous_1)","decl":{"start":{"line":6,"column":2},"end":{"line":6,"column":3}},"loc":{"start":{"line":6,"column":36},"end":{"line":8,"column":3}},"line":6},"2":{"name":"(anonymous_2)","decl":{"start":{"line":10,"column":2},"end":{"line":10,"column":3}},"loc":{"start":{"line":10,"column":36},"end":{"line":19,"column":3}},"line":10},"3":{"name":"(anonymous_3)","decl":{"start":{"line":21,"column":2},"end":{"line":21,"column":3}},"loc":{"start":{"line":21,"column":38},"end":{"line":29,"column":3}},"line":21},"4":{"name":"(anonymous_4)","decl":{"start":{"line":31,"column":2},"end":{"line":31,"column":3}},"loc":{"start":{"line":31,"column":42},"end":{"line":42,"column":3}},"line":31},"5":{"name":"(anonymous_5)","decl":{"start":{"line":44,"column":2},"end":{"line":44,"column":3}},"loc":{"start":{"line":44,"column":43},"end":{"line":55,"column":3}},"line":44},"6":{"name":"(anonymous_6)","decl":{"start":{"line":57,"column":2},"end":{"line":57,"column":3}},"loc":{"start":{"line":57,"column":43},"end":{"line":65,"column":3}},"line":57},"7":{"name":"(anonymous_7)","decl":{"start":{"line":67,"column":2},"end":{"line":67,"column":3}},"loc":{"start":{"line":67,"column":46},"end":{"line":83,"column":3}},"line":67}},"branchMap":{"0":{"loc":{"start":{"line":36,"column":6},"end":{"line":36,"column":83}},"type":"if","locations":[{"start":{"line":36,"column":6},"end":{"line":36,"column":83}},{"start":{},"end":{}}],"line":36},"1":{"loc":{"start":{"line":49,"column":6},"end":{"line":49,"column":101}},"type":"if","locations":[{"start":{"line":49,"column":6},"end":{"line":49,"column":101}},{"start":{},"end":{}}],"line":49},"2":{"loc":{"start":{"line":72,"column":6},"end":{"line":73,"column":68}},"type":"if","locations":[{"start":{"line":72,"column":6},"end":{"line":73,"column":68}},{"start":{},"end":{}}],"line":72},"3":{"loc":{"start":{"line":77,"column":6},"end":{"line":77,"column":104}},"type":"if","locations":[{"start":{"line":77,"column":6},"end":{"line":77,"column":104}},{"start":{},"end":{}}],"line":77}},"s":{"0":15,"1":0,"2":2,"3":2,"4":2,"5":1,"6":1,"7":2,"8":2,"9":1,"10":1,"11":3,"12":3,"13":3,"14":2,"15":1,"16":1,"17":1,"18":3,"19":3,"20":3,"21":2,"22":1,"23":1,"24":1,"25":1,"26":1,"27":1,"28":0,"29":4,"30":4,"31":4,"32":4,"33":1,"34":3,"35":2,"36":1,"37":1,"38":1,"39":2},"f":{"0":15,"1":0,"2":2,"3":2,"4":3,"5":3,"6":1,"7":4},"b":{"0":[1,1],"1":[1,1],"2":[1,3],"3":[1,1]},"_coverageSchema":"1a1c01bbd47fc00a2c39e90264f33305004495a9","hash":"ca52d80a9e1c3c7b4e0c80302cc89c97ca27cf94"}
,"C:\\Users\\felip\\dev\\pos\\microservices\\fiap-tech-challenge-MSPedido\\src\\adapter\\driver\\index.js": {"path":"C:\\Users\\felip\\dev\\pos\\microservices\\fiap-tech-challenge-MSPedido\\src\\adapter\\driver\\index.js","statementMap":{"0":{"start":{"line":1,"column":16},"end":{"line":1,"column":34}},"1":{"start":{"line":2,"column":27},"end":{"line":2,"column":56}},"2":{"start":{"line":3,"column":30},"end":{"line":3,"column":72}},"3":{"start":{"line":4,"column":27},"end":{"line":4,"column":66}},"4":{"start":{"line":5,"column":26},"end":{"line":5,"column":64}},"5":{"start":{"line":6,"column":22},"end":{"line":6,"column":78}},"6":{"start":{"line":7,"column":25},"end":{"line":7,"column":54}},"7":{"start":{"line":8,"column":18},"end":{"line":8,"column":47}},"8":{"start":{"line":9,"column":24},"end":{"line":9,"column":61}},"9":{"start":{"line":10,"column":17},"end":{"line":10,"column":44}},"10":{"start":{"line":11,"column":26},"end":{"line":11,"column":56}},"11":{"start":{"line":13,"column":12},"end":{"line":13,"column":21}},"12":{"start":{"line":14,"column":0},"end":{"line":14,"column":24}},"13":{"start":{"line":16,"column":0},"end":{"line":49,"column":5}},"14":{"start":{"line":17,"column":2},"end":{"line":48,"column":3}},"15":{"start":{"line":18,"column":15},"end":{"line":18,"column":37}},"16":{"start":{"line":19,"column":4},"end":{"line":19,"column":57}},"17":{"start":{"line":22,"column":31},"end":{"line":22,"column":55}},"18":{"start":{"line":23,"column":30},"end":{"line":23,"column":53}},"19":{"start":{"line":25,"column":29},"end":{"line":25,"column":58}},"20":{"start":{"line":26,"column":26},"end":{"line":26,"column":100}},"21":{"start":{"line":29,"column":29},"end":{"line":29,"column":64}},"22":{"start":{"line":32,"column":4},"end":{"line":32,"column":104}},"23":{"start":{"line":35,"column":4},"end":{"line":35,"column":96}},"24":{"start":{"line":35,"column":50},"end":{"line":35,"column":94}},"25":{"start":{"line":37,"column":4},"end":{"line":37,"column":98}},"26":{"start":{"line":37,"column":52},"end":{"line":37,"column":96}},"27":{"start":{"line":38,"column":4},"end":{"line":38,"column":99}},"28":{"start":{"line":38,"column":51},"end":{"line":38,"column":97}},"29":{"start":{"line":39,"column":4},"end":{"line":39,"column":107}},"30":{"start":{"line":39,"column":55},"end":{"line":39,"column":105}},"31":{"start":{"line":41,"column":4},"end":{"line":41,"column":107}},"32":{"start":{"line":41,"column":54},"end":{"line":41,"column":105}},"33":{"start":{"line":42,"column":4},"end":{"line":42,"column":111}},"34":{"start":{"line":42,"column":58},"end":{"line":42,"column":109}},"35":{"start":{"line":44,"column":4},"end":{"line":44,"column":120}},"36":{"start":{"line":44,"column":64},"end":{"line":44,"column":118}},"37":{"start":{"line":46,"column":4},"end":{"line":46,"column":58}},"38":{"start":{"line":47,"column":4},"end":{"line":47,"column":20}},"39":{"start":{"line":52,"column":0},"end":{"line":55,"column":3}},"40":{"start":{"line":53,"column":2},"end":{"line":53,"column":27}},"41":{"start":{"line":54,"column":2},"end":{"line":54,"column":66}},"42":{"start":{"line":57,"column":0},"end":{"line":57,"column":76}},"43":{"start":{"line":57,"column":23},"end":{"line":57,"column":74}},"44":{"start":{"line":59,"column":0},"end":{"line":59,"column":21}}},"fnMap":{"0":{"name":"(anonymous_0)","decl":{"start":{"line":16,"column":1},"end":{"line":16,"column":2}},"loc":{"start":{"line":16,"column":13},"end":{"line":49,"column":1}},"line":16},"1":{"name":"(anonymous_1)","decl":{"start":{"line":35,"column":30},"end":{"line":35,"column":31}},"loc":{"start":{"line":35,"column":50},"end":{"line":35,"column":94}},"line":35},"2":{"name":"(anonymous_2)","decl":{"start":{"line":37,"column":32},"end":{"line":37,"column":33}},"loc":{"start":{"line":37,"column":52},"end":{"line":37,"column":96}},"line":37},"3":{"name":"(anonymous_3)","decl":{"start":{"line":38,"column":31},"end":{"line":38,"column":32}},"loc":{"start":{"line":38,"column":51},"end":{"line":38,"column":97}},"line":38},"4":{"name":"(anonymous_4)","decl":{"start":{"line":39,"column":35},"end":{"line":39,"column":36}},"loc":{"start":{"line":39,"column":55},"end":{"line":39,"column":105}},"line":39},"5":{"name":"(anonymous_5)","decl":{"start":{"line":41,"column":34},"end":{"line":41,"column":35}},"loc":{"start":{"line":41,"column":54},"end":{"line":41,"column":105}},"line":41},"6":{"name":"(anonymous_6)","decl":{"start":{"line":42,"column":38},"end":{"line":42,"column":39}},"loc":{"start":{"line":42,"column":58},"end":{"line":42,"column":109}},"line":42},"7":{"name":"(anonymous_7)","decl":{"start":{"line":44,"column":44},"end":{"line":44,"column":45}},"loc":{"start":{"line":44,"column":64},"end":{"line":44,"column":118}},"line":44},"8":{"name":"(anonymous_8)","decl":{"start":{"line":52,"column":8},"end":{"line":52,"column":9}},"loc":{"start":{"line":52,"column":33},"end":{"line":55,"column":1}},"line":52},"9":{"name":"(anonymous_9)","decl":{"start":{"line":57,"column":17},"end":{"line":57,"column":18}},"loc":{"start":{"line":57,"column":23},"end":{"line":57,"column":74}},"line":57}},"branchMap":{},"s":{"0":1,"1":1,"2":1,"3":1,"4":1,"5":1,"6":1,"7":1,"8":1,"9":1,"10":1,"11":1,"12":1,"13":1,"14":1,"15":1,"16":1,"17":1,"18":1,"19":1,"20":1,"21":1,"22":1,"23":1,"24":0,"25":1,"26":0,"27":1,"28":0,"29":1,"30":0,"31":1,"32":0,"33":1,"34":0,"35":1,"36":0,"37":0,"38":0,"39":1,"40":0,"41":0,"42":1,"43":1,"44":1},"f":{"0":1,"1":0,"2":0,"3":0,"4":0,"5":0,"6":0,"7":0,"8":0,"9":1},"b":{},"_coverageSchema":"1a1c01bbd47fc00a2c39e90264f33305004495a9","hash":"783e4b6755f1d8326d71cdc5ec6ae0598d161505"}
,"C:\\Users\\felip\\dev\\pos\\microservices\\fiap-tech-challenge-MSPedido\\src\\adapter\\driver\\swaggerMiddleware.js": {"path":"C:\\Users\\felip\\dev\\pos\\microservices\\fiap-tech-challenge-MSPedido\\src\\adapter\\driver\\swaggerMiddleware.js","statementMap":{"0":{"start":{"line":1,"column":24},"end":{"line":1,"column":61}},"1":{"start":{"line":3,"column":26},"end":{"line":15,"column":1}},"2":{"start":{"line":4,"column":19},"end":{"line":4,"column":31}},"3":{"start":{"line":5,"column":15},"end":{"line":5,"column":30}},"4":{"start":{"line":7,"column":2},"end":{"line":12,"column":4}},"5":{"start":{"line":14,"column":2},"end":{"line":14,"column":9}},"6":{"start":{"line":17,"column":0},"end":{"line":17,"column":35}}},"fnMap":{"0":{"name":"(anonymous_0)","decl":{"start":{"line":3,"column":26},"end":{"line":3,"column":27}},"loc":{"start":{"line":3,"column":46},"end":{"line":15,"column":1}},"line":3}},"branchMap":{},"s":{"0":1,"1":1,"2":1,"3":1,"4":1,"5":1,"6":1},"f":{"0":1},"b":{},"_coverageSchema":"1a1c01bbd47fc00a2c39e90264f33305004495a9","hash":"4374c4cc49462bf62779ba808211b039f68f0d31"}
,"C:\\Users\\felip\\dev\\pos\\microservices\\fiap-tech-challenge-MSPedido\\src\\core\\application\\ports\\PedidoRepositoryPort.js": {"path":"C:\\Users\\felip\\dev\\pos\\microservices\\fiap-tech-challenge-MSPedido\\src\\core\\application\\ports\\PedidoRepositoryPort.js","statementMap":{"0":{"start":{"line":3,"column":4},"end":{"line":3,"column":47}},"1":{"start":{"line":7,"column":4},"end":{"line":7,"column":47}},"2":{"start":{"line":11,"column":4},"end":{"line":11,"column":47}},"3":{"start":{"line":15,"column":4},"end":{"line":15,"column":47}},"4":{"start":{"line":19,"column":4},"end":{"line":19,"column":47}},"5":{"start":{"line":23,"column":4},"end":{"line":23,"column":47}},"6":{"start":{"line":27,"column":0},"end":{"line":27,"column":38}}},"fnMap":{"0":{"name":"(anonymous_0)","decl":{"start":{"line":2,"column":2},"end":{"line":2,"column":3}},"loc":{"start":{"line":2,"column":28},"end":{"line":4,"column":3}},"line":2},"1":{"name":"(anonymous_1)","decl":{"start":{"line":6,"column":2},"end":{"line":6,"column":3}},"loc":{"start":{"line":6,"column":24},"end":{"line":8,"column":3}},"line":6},"2":{"name":"(anonymous_2)","decl":{"start":{"line":10,"column":2},"end":{"line":10,"column":3}},"loc":{"start":{"line":10,"column":30},"end":{"line":12,"column":3}},"line":10},"3":{"name":"(anonymous_3)","decl":{"start":{"line":14,"column":2},"end":{"line":14,"column":3}},"loc":{"start":{"line":14,"column":31},"end":{"line":16,"column":3}},"line":14},"4":{"name":"(anonymous_4)","decl":{"start":{"line":18,"column":2},"end":{"line":18,"column":3}},"loc":{"start":{"line":18,"column":29},"end":{"line":20,"column":3}},"line":18},"5":{"name":"(anonymous_5)","decl":{"start":{"line":22,"column":2},"end":{"line":22,"column":3}},"loc":{"start":{"line":22,"column":52},"end":{"line":24,"column":3}},"line":22}},"branchMap":{},"s":{"0":1,"1":1,"2":1,"3":1,"4":1,"5":1,"6":3},"f":{"0":1,"1":1,"2":1,"3":1,"4":1,"5":1},"b":{},"_coverageSchema":"1a1c01bbd47fc00a2c39e90264f33305004495a9","hash":"5ab8e78f009c583123b21355220b18b7ef39cd26"}
,"C:\\Users\\felip\\dev\\pos\\microservices\\fiap-tech-challenge-MSPedido\\src\\core\\application\\services\\PedidoService.js": {"path":"C:\\Users\\felip\\dev\\pos\\microservices\\fiap-tech-challenge-MSPedido\\src\\core\\application\\services\\PedidoService.js","statementMap":{"0":{"start":{"line":3,"column":4},"end":{"line":3,"column":35}},"1":{"start":{"line":4,"column":4},"end":{"line":4,"column":33}},"2":{"start":{"line":5,"column":4},"end":{"line":5,"column":47}},"3":{"start":{"line":9,"column":4},"end":{"line":60,"column":5}},"4":{"start":{"line":11,"column":6},"end":{"line":11,"column":73}},"5":{"start":{"line":12,"column":22},"end":{"line":12,"column":83}},"6":{"start":{"line":13,"column":6},"end":{"line":13,"column":62}},"7":{"start":{"line":13,"column":20},"end":{"line":13,"column":62}},"8":{"start":{"line":14,"column":6},"end":{"line":14,"column":68}},"9":{"start":{"line":16,"column":6},"end":{"line":16,"column":55}},"10":{"start":{"line":18,"column":28},"end":{"line":18,"column":30}},"11":{"start":{"line":19,"column":24},"end":{"line":19,"column":25}},"12":{"start":{"line":21,"column":6},"end":{"line":35,"column":7}},"13":{"start":{"line":22,"column":24},"end":{"line":22,"column":76}},"14":{"start":{"line":24,"column":8},"end":{"line":24,"column":82}},"15":{"start":{"line":24,"column":22},"end":{"line":24,"column":82}},"16":{"start":{"line":26,"column":8},"end":{"line":33,"column":11}},"17":{"start":{"line":34,"column":8},"end":{"line":34,"column":55}},"18":{"start":{"line":37,"column":25},"end":{"line":45,"column":7}},"19":{"start":{"line":38,"column":21},"end":{"line":38,"column":39}},"20":{"start":{"line":39,"column":22},"end":{"line":39,"column":66}},"21":{"start":{"line":40,"column":20},"end":{"line":40,"column":59}},"22":{"start":{"line":41,"column":22},"end":{"line":41,"column":62}},"23":{"start":{"line":42,"column":24},"end":{"line":42,"column":66}},"24":{"start":{"line":44,"column":8},"end":{"line":44,"column":61}},"25":{"start":{"line":47,"column":25},"end":{"line":53,"column":7}},"26":{"start":{"line":55,"column":6},"end":{"line":55,"column":93}},"27":{"start":{"line":57,"column":6},"end":{"line":57,"column":66}},"28":{"start":{"line":59,"column":6},"end":{"line":59,"column":54}},"29":{"start":{"line":64,"column":4},"end":{"line":71,"column":5}},"30":{"start":{"line":65,"column":22},"end":{"line":65,"column":66}},"31":{"start":{"line":66,"column":6},"end":{"line":66,"column":122}},"32":{"start":{"line":68,"column":6},"end":{"line":68,"column":21}},"33":{"start":{"line":70,"column":6},"end":{"line":70,"column":56}},"34":{"start":{"line":75,"column":4},"end":{"line":82,"column":5}},"35":{"start":{"line":76,"column":21},"end":{"line":76,"column":77}},"36":{"start":{"line":77,"column":6},"end":{"line":77,"column":60}},"37":{"start":{"line":77,"column":19},"end":{"line":77,"column":60}},"38":{"start":{"line":79,"column":6},"end":{"line":79,"column":20}},"39":{"start":{"line":81,"column":6},"end":{"line":81,"column":70}},"40":{"start":{"line":86,"column":4},"end":{"line":93,"column":5}},"41":{"start":{"line":87,"column":21},"end":{"line":87,"column":78}},"42":{"start":{"line":88,"column":6},"end":{"line":88,"column":78}},"43":{"start":{"line":88,"column":37},"end":{"line":88,"column":78}},"44":{"start":{"line":90,"column":6},"end":{"line":90,"column":20}},"45":{"start":{"line":92,"column":6},"end":{"line":92,"column":71}},"46":{"start":{"line":97,"column":4},"end":{"line":104,"column":5}},"47":{"start":{"line":98,"column":21},"end":{"line":98,"column":70}},"48":{"start":{"line":99,"column":6},"end":{"line":99,"column":64}},"49":{"start":{"line":101,"column":6},"end":{"line":101,"column":20}},"50":{"start":{"line":103,"column":6},"end":{"line":103,"column":64}},"51":{"start":{"line":108,"column":4},"end":{"line":117,"column":5}},"52":{"start":{"line":109,"column":21},"end":{"line":109,"column":77}},"53":{"start":{"line":110,"column":6},"end":{"line":110,"column":60}},"54":{"start":{"line":110,"column":19},"end":{"line":110,"column":60}},"55":{"start":{"line":112,"column":25},"end":{"line":112,"column":91}},"56":{"start":{"line":114,"column":6},"end":{"line":114,"column":24}},"57":{"start":{"line":116,"column":6},"end":{"line":116,"column":76}},"58":{"start":{"line":121,"column":0},"end":{"line":121,"column":31}}},"fnMap":{"0":{"name":"(anonymous_0)","decl":{"start":{"line":2,"column":2},"end":{"line":2,"column":3}},"loc":{"start":{"line":2,"column":58},"end":{"line":6,"column":3}},"line":2},"1":{"name":"(anonymous_1)","decl":{"start":{"line":8,"column":2},"end":{"line":8,"column":3}},"loc":{"start":{"line":8,"column":28},"end":{"line":61,"column":3}},"line":8},"2":{"name":"(anonymous_2)","decl":{"start":{"line":37,"column":25},"end":{"line":37,"column":26}},"loc":{"start":{"line":37,"column":35},"end":{"line":45,"column":7}},"line":37},"3":{"name":"(anonymous_3)","decl":{"start":{"line":63,"column":2},"end":{"line":63,"column":3}},"loc":{"start":{"line":63,"column":24},"end":{"line":72,"column":3}},"line":63},"4":{"name":"(anonymous_4)","decl":{"start":{"line":74,"column":2},"end":{"line":74,"column":3}},"loc":{"start":{"line":74,"column":36},"end":{"line":83,"column":3}},"line":74},"5":{"name":"(anonymous_5)","decl":{"start":{"line":85,"column":2},"end":{"line":85,"column":3}},"loc":{"start":{"line":85,"column":37},"end":{"line":94,"column":3}},"line":85},"6":{"name":"(anonymous_6)","decl":{"start":{"line":96,"column":2},"end":{"line":96,"column":3}},"loc":{"start":{"line":96,"column":29},"end":{"line":105,"column":3}},"line":96},"7":{"name":"(anonymous_7)","decl":{"start":{"line":107,"column":2},"end":{"line":107,"column":3}},"loc":{"start":{"line":107,"column":52},"end":{"line":118,"column":3}},"line":107}},"branchMap":{"0":{"loc":{"start":{"line":13,"column":6},"end":{"line":13,"column":62}},"type":"if","locations":[{"start":{"line":13,"column":6},"end":{"line":13,"column":62}},{"start":{},"end":{}}],"line":13},"1":{"loc":{"start":{"line":24,"column":8},"end":{"line":24,"column":82}},"type":"if","locations":[{"start":{"line":24,"column":8},"end":{"line":24,"column":82}},{"start":{},"end":{}}],"line":24},"2":{"loc":{"start":{"line":66,"column":6},"end":{"line":66,"column":121}},"type":"cond-expr","locations":[{"start":{"line":66,"column":17},"end":{"line":66,"column":56}},{"start":{"line":66,"column":59},"end":{"line":66,"column":121}}],"line":66},"3":{"loc":{"start":{"line":77,"column":6},"end":{"line":77,"column":60}},"type":"if","locations":[{"start":{"line":77,"column":6},"end":{"line":77,"column":60}},{"start":{},"end":{}}],"line":77},"4":{"loc":{"start":{"line":88,"column":6},"end":{"line":88,"column":78}},"type":"if","locations":[{"start":{"line":88,"column":6},"end":{"line":88,"column":78}},{"start":{},"end":{}}],"line":88},"5":{"loc":{"start":{"line":110,"column":6},"end":{"line":110,"column":60}},"type":"if","locations":[{"start":{"line":110,"column":6},"end":{"line":110,"column":60}},{"start":{},"end":{}}],"line":110}},"s":{"0":13,"1":13,"2":13,"3":2,"4":2,"5":2,"6":2,"7":1,"8":1,"9":1,"10":1,"11":1,"12":1,"13":1,"14":1,"15":0,"16":1,"17":1,"18":1,"19":1,"20":1,"21":1,"22":1,"23":1,"24":1,"25":1,"26":1,"27":1,"28":1,"29":2,"30":2,"31":1,"32":1,"33":1,"34":2,"35":2,"36":2,"37":1,"38":1,"39":1,"40":2,"41":2,"42":2,"43":1,"44":1,"45":1,"46":2,"47":2,"48":1,"49":1,"50":1,"51":3,"52":3,"53":3,"54":1,"55":2,"56":1,"57":2,"58":2},"f":{"0":13,"1":2,"2":1,"3":2,"4":2,"5":2,"6":2,"7":3},"b":{"0":[1,1],"1":[0,1],"2":[0,1],"3":[1,1],"4":[1,1],"5":[1,2]},"_coverageSchema":"1a1c01bbd47fc00a2c39e90264f33305004495a9","hash":"c25b31841ac5ecdd29de6d20efd57f8c188f3fb9"}
,"C:\\Users\\felip\\dev\\pos\\microservices\\fiap-tech-challenge-MSPedido\\src\\core\\domain\\Pedido.js": {"path":"C:\\Users\\felip\\dev\\pos\\microservices\\fiap-tech-challenge-MSPedido\\src\\core\\domain\\Pedido.js","statementMap":{"0":{"start":{"line":3,"column":4},"end":{"line":3,"column":27}},"1":{"start":{"line":4,"column":4},"end":{"line":4,"column":23}},"2":{"start":{"line":5,"column":4},"end":{"line":5,"column":25}},"3":{"start":{"line":6,"column":4},"end":{"line":6,"column":29}},"4":{"start":{"line":10,"column":0},"end":{"line":10,"column":24}}},"fnMap":{"0":{"name":"(anonymous_0)","decl":{"start":{"line":2,"column":2},"end":{"line":2,"column":3}},"loc":{"start":{"line":2,"column":73},"end":{"line":7,"column":3}},"line":2}},"branchMap":{"0":{"loc":{"start":{"line":2,"column":30},"end":{"line":2,"column":61}},"type":"default-arg","locations":[{"start":{"line":2,"column":39},"end":{"line":2,"column":61}}],"line":2}},"s":{"0":2,"1":2,"2":2,"3":2,"4":1},"f":{"0":2},"b":{"0":[1]},"_coverageSchema":"1a1c01bbd47fc00a2c39e90264f33305004495a9","hash":"8b8f144dc983b38d2e3104ca7086a037de5f756e"}
,"C:\\Users\\felip\\dev\\pos\\microservices\\fiap-tech-challenge-MSPedido\\src\\core\\domain\\Produto.js": {"path":"C:\\Users\\felip\\dev\\pos\\microservices\\fiap-tech-challenge-MSPedido\\src\\core\\domain\\Produto.js","statementMap":{"0":{"start":{"line":3,"column":6},"end":{"line":3,"column":33}},"1":{"start":{"line":4,"column":6},"end":{"line":4,"column":23}},"2":{"start":{"line":5,"column":6},"end":{"line":5,"column":33}},"3":{"start":{"line":6,"column":6},"end":{"line":6,"column":25}},"4":{"start":{"line":7,"column":6},"end":{"line":7,"column":33}},"5":{"start":{"line":11,"column":2},"end":{"line":11,"column":27}}},"fnMap":{"0":{"name":"(anonymous_0)","decl":{"start":{"line":2,"column":4},"end":{"line":2,"column":5}},"loc":{"start":{"line":2,"column":62},"end":{"line":8,"column":5}},"line":2}},"branchMap":{},"s":{"0":0,"1":0,"2":0,"3":0,"4":0,"5":0},"f":{"0":0},"b":{}}
,"C:\\Users\\felip\\dev\\pos\\microservices\\fiap-tech-challenge-MSPedido\\src\\shared\\env.js": {"path":"C:\\Users\\felip\\dev\\pos\\microservices\\fiap-tech-challenge-MSPedido\\src\\shared\\env.js","statementMap":{"0":{"start":{"line":1,"column":0},"end":{"line":1,"column":27}},"1":{"start":{"line":3,"column":0},"end":{"line":8,"column":2}}},"fnMap":{},"branchMap":{"0":{"loc":{"start":{"line":4,"column":12},"end":{"line":4,"column":75}},"type":"binary-expr","locations":[{"start":{"line":4,"column":12},"end":{"line":4,"column":33}},{"start":{"line":4,"column":37},"end":{"line":4,"column":75}}],"line":4},"1":{"loc":{"start":{"line":5,"column":8},"end":{"line":5,"column":32}},"type":"binary-expr","locations":[{"start":{"line":5,"column":8},"end":{"line":5,"column":24}},{"start":{"line":5,"column":28},"end":{"line":5,"column":32}}],"line":5}},"s":{"0":6,"1":6},"f":{},"b":{"0":[6,0],"1":[6,0]},"_coverageSchema":"1a1c01bbd47fc00a2c39e90264f33305004495a9","hash":"5312f60422a4b900b388cae1f386fa2aac1990eb"}
}
