TN:
SF:src\application\PedidoService.js
FN:4,(anonymous_0)
FN:8,(anonymous_1)
FN:13,(anonymous_2)
FN:17,(anonymous_3)
FNF:4
FNH:0
FNDA:0,(anonymous_0)
FNDA:0,(anonymous_1)
FNDA:0,(anonymous_2)
FNDA:0,(anonymous_3)
DA:1,1
DA:5,0
DA:9,0
DA:10,0
DA:14,0
DA:18,0
DA:22,1
LF:7
LH:2
BRF:0
BRH:0
end_of_record
TN:
SF:src\domain\Pedido.js
FN:2,(anonymous_0)
FNF:1
FNH:0
FNDA:0,(anonymous_0)
DA:3,0
DA:4,0
DA:5,0
DA:6,0
DA:10,1
LF:5
LH:1
BRDA:2,0,0,0
BRDA:2,1,0,0
BRF:2
BRH:0
end_of_record
TN:
SF:src\infrastructure\http\PedidoController.js
FN:3,PedidoController
FN:6,(anonymous_1)
FN:16,(anonymous_2)
FN:26,(anonymous_3)
FNF:4
FNH:4
FNDA:1,PedidoController
FNDA:1,(anonymous_1)
FNDA:2,(anonymous_2)
FNDA:3,(anonymous_3)
DA:1,1
DA:4,1
DA:6,1
DA:7,1
DA:8,1
DA:9,1
DA:11,0
DA:12,0
DA:16,1
DA:17,2
DA:18,2
DA:19,1
DA:21,1
DA:22,1
DA:26,1
DA:27,3
DA:28,3
DA:29,2
DA:30,0
DA:32,1
DA:33,1
DA:37,1
DA:40,1
LF:23
LH:20
BRDA:29,0,0,2
BRDA:29,0,1,0
BRF:2
BRH:1
end_of_record
