TN:
SF:src\application\PedidoService.js
FN:4,(anonymous_0)
FN:8,(anonymous_1)
FN:13,(anonymous_2)
FN:17,(anonymous_3)
FNF:4
FNH:4
FNDA:4,(anonymous_0)
FNDA:1,(anonymous_1)
FNDA:1,(anonymous_2)
FNDA:2,(anonymous_3)
DA:1,2
DA:5,4
DA:9,1
DA:10,1
DA:14,1
DA:18,2
DA:19,2
DA:20,1
DA:23,1
DA:27,2
LF:10
LH:10
BRDA:19,0,0,1
BRDA:19,0,1,1
BRF:2
BRH:2
end_of_record
TN:
SF:src\application\interfaces\PedidoRepository.js
FN:2,(anonymous_0)
FN:6,(anonymous_1)
FN:10,(anonymous_2)
FNF:3
FNH:0
FNDA:0,(anonymous_0)
FNDA:0,(anonymous_1)
FNDA:0,(anonymous_2)
DA:3,0
DA:7,0
DA:11,0
DA:15,1
LF:4
LH:1
BRF:0
BRH:0
end_of_record
TN:
SF:src\domain\Pedido.js
FN:2,(anonymous_0)
FNF:1
FNH:1
FNDA:1,(anonymous_0)
DA:3,1
DA:4,1
DA:5,1
DA:6,1
DA:10,2
LF:5
LH:5
BRDA:2,0,0,1
BRDA:2,1,0,1
BRF:2
BRH:2
end_of_record
TN:
SF:src\infrastructure\database\MongoPedidoRepository.js
FN:5,(anonymous_0)
FN:10,(anonymous_1)
FN:15,(anonymous_2)
FN:19,(anonymous_3)
FNF:4
FNH:0
FNDA:0,(anonymous_0)
FNDA:0,(anonymous_1)
FNDA:0,(anonymous_2)
FNDA:0,(anonymous_3)
DA:1,1
DA:2,1
DA:6,0
DA:7,0
DA:11,0
DA:12,0
DA:16,0
DA:20,0
DA:24,1
LF:9
LH:3
BRF:0
BRH:0
end_of_record
TN:
SF:src\infrastructure\http\PedidoController.js
FN:3,PedidoController
FN:6,(anonymous_1)
FN:16,(anonymous_2)
FN:26,(anonymous_3)
FNF:4
FNH:4
FNDA:1,PedidoController
FNDA:2,(anonymous_1)
FNDA:2,(anonymous_2)
FNDA:3,(anonymous_3)
DA:1,1
DA:4,1
DA:6,1
DA:7,2
DA:8,2
DA:9,1
DA:11,1
DA:12,1
DA:16,1
DA:17,2
DA:18,2
DA:19,1
DA:21,1
DA:22,1
DA:26,1
DA:27,3
DA:28,3
DA:29,2
DA:30,1
DA:32,1
DA:33,1
DA:37,1
DA:40,1
LF:23
LH:23
BRDA:29,0,0,1
BRDA:29,0,1,1
BRF:2
BRH:2
end_of_record
